

	Журнал регистрации ошибок, импортирование файла C:\МЕщеряков Максим\ГМ\GeometryModeling\WiFi-NodeM.iges.

#-1 Предупреждение: При создании ребра в конвертере STEP дважды указана грань с флагом .T..
#-1 Предупреждение: При создании ребра в конвертере STEP дважды указана грань с флагом .F..
#-1 Предупреждение: При создании ребра в конвертере STEP дважды указана грань с флагом .T..
#-1 Предупреждение: При создании ребра в конвертере STEP дважды указана грань с флагом .F..
#-1 Предупреждение: При создании ребра в конвертере STEP дважды указана грань с флагом .T..
#-1 Предупреждение: При создании ребра в конвертере STEP дважды указана грань с флагом .F..
#-1 Предупреждение: При создании ребра в конвертере STEP дважды указана грань с флагом .T..
#-1 Предупреждение: При создании ребра в конвертере STEP дважды указана грань с флагом .F..
#27 971 Предупреждение: .
#27 971 Предупреждение: .
#27 967 Предупреждение: .
#27 967 Предупреждение: .
#225 Предупреждение: Некорректная грань не была добавлена в оболочку.
#229 Предупреждение: Некорректная грань не была добавлена в оболочку.
#225 Предупреждение: Некорректная грань не была добавлена в оболочку.
#229 Предупреждение: Некорректная грань не была добавлена в оболочку.
#225 Предупреждение: Некорректная грань не была добавлена в оболочку.
#229 Предупреждение: Некорректная грань не была добавлена в оболочку.
#225 Предупреждение: Некорректная грань не была добавлена в оболочку.
#229 Предупреждение: Некорректная грань не была добавлена в оболочку.
#12 Предупреждение: Некорректная грань не была добавлена в оболочку.
#225 Предупреждение: Некорректная грань не была добавлена в оболочку.
#229 Предупреждение: Некорректная грань не была добавлена в оболочку.
#12 Предупреждение: Некорректная грань не была добавлена в оболочку.
#225 Предупреждение: Некорректная грань не была добавлена в оболочку.
#229 Предупреждение: Некорректная грань не была добавлена в оболочку.
#12 Предупреждение: Некорректная грань не была добавлена в оболочку.
#225 Предупреждение: Некорректная грань не была добавлена в оболочку.
#229 Предупреждение: Некорректная грань не была добавлена в оболочку.
#12 Предупреждение: Некорректная грань не была добавлена в оболочку.
#225 Предупреждение: Некорректная грань не была добавлена в оболочку.
#229 Предупреждение: Некорректная грань не была добавлена в оболочку.
#12 Предупреждение: Некорректная грань не была добавлена в оболочку.
#225 Предупреждение: Некорректная грань не была добавлена в оболочку.
#229 Предупреждение: Некорректная грань не была добавлена в оболочку.
#12 Предупреждение: Некорректная грань не была добавлена в оболочку.
#225 Предупреждение: Некорректная грань не была добавлена в оболочку.
#229 Предупреждение: Некорректная грань не была добавлена в оболочку.
#12 Предупреждение: Некорректная грань не была добавлена в оболочку.
#225 Предупреждение: Некорректная грань не была добавлена в оболочку.
#229 Предупреждение: Некорректная грань не была добавлена в оболочку.
#12 Предупреждение: Некорректная грань не была добавлена в оболочку.
#225 Предупреждение: Некорректная грань не была добавлена в оболочку.
#229 Предупреждение: Некорректная грань не была добавлена в оболочку.
#12 Предупреждение: Некорректная грань не была добавлена в оболочку.
#225 Предупреждение: Некорректная грань не была добавлена в оболочку.
#229 Предупреждение: Некорректная грань не была добавлена в оболочку.
#12 Предупреждение: Некорректная грань не была добавлена в оболочку.
#225 Предупреждение: Некорректная грань не была добавлена в оболочку.
#229 Предупреждение: Некорректная грань не была добавлена в оболочку.
#12 Предупреждение: Некорректная грань не была добавлена в оболочку.
#225 Предупреждение: Некорректная грань не была добавлена в оболочку.
#229 Предупреждение: Некорректная грань не была добавлена в оболочку.
#12 Предупреждение: Некорректная грань не была добавлена в оболочку.
#225 Предупреждение: Некорректная грань не была добавлена в оболочку.
#229 Предупреждение: Некорректная грань не была добавлена в оболочку.
#12 Предупреждение: Некорректная грань не была добавлена в оболочку.
#41 Предупреждение: Некорректная грань не была добавлена в оболочку.
#225 Предупреждение: Некорректная грань не была добавлена в оболочку.
#229 Предупреждение: Некорректная грань не была добавлена в оболочку.
#12 Предупреждение: Некорректная грань не была добавлена в оболочку.
#41 Предупреждение: Некорректная грань не была добавлена в оболочку.
#225 Предупреждение: Некорректная грань не была добавлена в оболочку.
#229 Предупреждение: Некорректная грань не была добавлена в оболочку.
#12 Предупреждение: Некорректная грань не была добавлена в оболочку.
#41 Предупреждение: Некорректная грань не была добавлена в оболочку.
#225 Предупреждение: Некорректная грань не была добавлена в оболочку.
#229 Предупреждение: Некорректная грань не была добавлена в оболочку.
#12 Предупреждение: Некорректная грань не была добавлена в оболочку.
#41 Предупреждение: Некорректная грань не была добавлена в оболочку.
#225 Предупреждение: Некорректная грань не была добавлена в оболочку.
#229 Предупреждение: Некорректная грань не была добавлена в оболочку.
#12 Предупреждение: Некорректная грань не была добавлена в оболочку.
#41 Предупреждение: Некорректная грань не была добавлена в оболочку.
#225 Предупреждение: Некорректная грань не была добавлена в оболочку.
#229 Предупреждение: Некорректная грань не была добавлена в оболочку.
#12 Предупреждение: Некорректная грань не была добавлена в оболочку.
#41 Предупреждение: Некорректная грань не была добавлена в оболочку.
#225 Предупреждение: Некорректная грань не была добавлена в оболочку.
#229 Предупреждение: Некорректная грань не была добавлена в оболочку.
#12 Предупреждение: Некорректная грань не была добавлена в оболочку.
#41 Предупреждение: Некорректная грань не была добавлена в оболочку.
#225 Предупреждение: Некорректная грань не была добавлена в оболочку.
#229 Предупреждение: Некорректная грань не была добавлена в оболочку.
#12 Предупреждение: Некорректная грань не была добавлена в оболочку.
#41 Предупреждение: Некорректная грань не была добавлена в оболочку.
#225 Предупреждение: Некорректная грань не была добавлена в оболочку.
#229 Предупреждение: Некорректная грань не была добавлена в оболочку.
#12 Предупреждение: Некорректная грань не была добавлена в оболочку.
#41 Предупреждение: Некорректная грань не была добавлена в оболочку.
#225 Предупреждение: Некорректная грань не была добавлена в оболочку.
#229 Предупреждение: Некорректная грань не была добавлена в оболочку.
#12 Предупреждение: Некорректная грань не была добавлена в оболочку.
#41 Предупреждение: Некорректная грань не была добавлена в оболочку.
#225 Предупреждение: Некорректная грань не была добавлена в оболочку.
#229 Предупреждение: Некорректная грань не была добавлена в оболочку.
#12 Предупреждение: Некорректная грань не была добавлена в оболочку.
#41 Предупреждение: Некорректная грань не была добавлена в оболочку.
#225 Предупреждение: Некорректная грань не была добавлена в оболочку.
#229 Предупреждение: Некорректная грань не была добавлена в оболочку.
#12 Предупреждение: Некорректная грань не была добавлена в оболочку.
#41 Предупреждение: Некорректная грань не была добавлена в оболочку.
#225 Предупреждение: Некорректная грань не была добавлена в оболочку.
#229 Предупреждение: Некорректная грань не была добавлена в оболочку.
#0 Предупреждение: Некорректная грань не была добавлена в оболочку.
#1 Предупреждение: Некорректная грань не была добавлена в оболочку.
#2 Предупреждение: Некорректная грань не была добавлена в оболочку.
#3 Предупреждение: Некорректная грань не была добавлена в оболочку.
#4 Предупреждение: Некорректная грань не была добавлена в оболочку.
#12 Предупреждение: Некорректная грань не была добавлена в оболочку.
#41 Предупреждение: Некорректная грань не была добавлена в оболочку.
#225 Предупреждение: Некорректная грань не была добавлена в оболочку.
#229 Предупреждение: Некорректная грань не была добавлена в оболочку.
#0 Предупреждение: Некорректная грань не была добавлена в оболочку.
#1 Предупреждение: Некорректная грань не была добавлена в оболочку.
#2 Предупреждение: Некорректная грань не была добавлена в оболочку.
#3 Предупреждение: Некорректная грань не была добавлена в оболочку.
#4 Предупреждение: Некорректная грань не была добавлена в оболочку.
#5 Предупреждение: Некорректная грань не была добавлена в оболочку.
#12 Предупреждение: Некорректная грань не была добавлена в оболочку.
#14 Предупреждение: Некорректная грань не была добавлена в оболочку.
#15 Предупреждение: Некорректная грань не была добавлена в оболочку.
#41 Предупреждение: Некорректная грань не была добавлена в оболочку.
#225 Предупреждение: Некорректная грань не была добавлена в оболочку.
#229 Предупреждение: Некорректная грань не была добавлена в оболочку.
#0 Предупреждение: Некорректная грань не была добавлена в оболочку.
#1 Предупреждение: Некорректная грань не была добавлена в оболочку.
#2 Предупреждение: Некорректная грань не была добавлена в оболочку.
#3 Предупреждение: Некорректная грань не была добавлена в оболочку.
#4 Предупреждение: Некорректная грань не была добавлена в оболочку.
#5 Предупреждение: Некорректная грань не была добавлена в оболочку.
#12 Предупреждение: Некорректная грань не была добавлена в оболочку.
#14 Предупреждение: Некорректная грань не была добавлена в оболочку.
#15 Предупреждение: Некорректная грань не была добавлена в оболочку.
#41 Предупреждение: Некорректная грань не была добавлена в оболочку.
#225 Предупреждение: Некорректная грань не была добавлена в оболочку.
#229 Предупреждение: Некорректная грань не была добавлена в оболочку.
#0 Предупреждение: Некорректная грань не была добавлена в оболочку.
#1 Предупреждение: Некорректная грань не была добавлена в оболочку.
#2 Предупреждение: Некорректная грань не была добавлена в оболочку.
#3 Предупреждение: Некорректная грань не была добавлена в оболочку.
#4 Предупреждение: Некорректная грань не была добавлена в оболочку.
#5 Предупреждение: Некорректная грань не была добавлена в оболочку.
#12 Предупреждение: Некорректная грань не была добавлена в оболочку.
#14 Предупреждение: Некорректная грань не была добавлена в оболочку.
#15 Предупреждение: Некорректная грань не была добавлена в оболочку.
#41 Предупреждение: Некорректная грань не была добавлена в оболочку.
#225 Предупреждение: Некорректная грань не была добавлена в оболочку.
#229 Предупреждение: Некорректная грань не была добавлена в оболочку.
#0 Предупреждение: Некорректная грань не была добавлена в оболочку.
#1 Предупреждение: Некорректная грань не была добавлена в оболочку.
#2 Предупреждение: Некорректная грань не была добавлена в оболочку.
#3 Предупреждение: Некорректная грань не была добавлена в оболочку.
#4 Предупреждение: Некорректная грань не была добавлена в оболочку.
#5 Предупреждение: Некорректная грань не была добавлена в оболочку.
#12 Предупреждение: Некорректная грань не была добавлена в оболочку.
#14 Предупреждение: Некорректная грань не была добавлена в оболочку.
#15 Предупреждение: Некорректная грань не была добавлена в оболочку.
#41 Предупреждение: Некорректная грань не была добавлена в оболочку.
#225 Предупреждение: Некорректная грань не была добавлена в оболочку.
#229 Предупреждение: Некорректная грань не была добавлена в оболочку.
#0 Предупреждение: Некорректная грань не была добавлена в оболочку.
#1 Предупреждение: Некорректная грань не была добавлена в оболочку.
#2 Предупреждение: Некорректная грань не была добавлена в оболочку.
#3 Предупреждение: Некорректная грань не была добавлена в оболочку.
#4 Предупреждение: Некорректная грань не была добавлена в оболочку.
#5 Предупреждение: Некорректная грань не была добавлена в оболочку.
#12 Предупреждение: Некорректная грань не была добавлена в оболочку.
#14 Предупреждение: Некорректная грань не была добавлена в оболочку.
#15 Предупреждение: Некорректная грань не была добавлена в оболочку.
#41 Предупреждение: Некорректная грань не была добавлена в оболочку.
#225 Предупреждение: Некорректная грань не была добавлена в оболочку.
#229 Предупреждение: Некорректная грань не была добавлена в оболочку.
#0 Предупреждение: Некорректная грань не была добавлена в оболочку.
#1 Предупреждение: Некорректная грань не была добавлена в оболочку.
#2 Предупреждение: Некорректная грань не была добавлена в оболочку.
#3 Предупреждение: Некорректная грань не была добавлена в оболочку.
#4 Предупреждение: Некорректная грань не была добавлена в оболочку.
#5 Предупреждение: Некорректная грань не была добавлена в оболочку.
#12 Предупреждение: Некорректная грань не была добавлена в оболочку.
#14 Предупреждение: Некорректная грань не была добавлена в оболочку.
#15 Предупреждение: Некорректная грань не была добавлена в оболочку.
#41 Предупреждение: Некорректная грань не была добавлена в оболочку.
#225 Предупреждение: Некорректная грань не была добавлена в оболочку.
#229 Предупреждение: Некорректная грань не была добавлена в оболочку.
#0 Предупреждение: Некорректная грань не была добавлена в оболочку.
#1 Предупреждение: Некорректная грань не была добавлена в оболочку.
#2 Предупреждение: Некорректная грань не была добавлена в оболочку.
#3 Предупреждение: Некорректная грань не была добавлена в оболочку.
#4 Предупреждение: Некорректная грань не была добавлена в оболочку.
#5 Предупреждение: Некорректная грань не была добавлена в оболочку.
#12 Предупреждение: Некорректная грань не была добавлена в оболочку.
#14 Предупреждение: Некорректная грань не была добавлена в оболочку.
#15 Предупреждение: Некорректная грань не была добавлена в оболочку.
#41 Предупреждение: Некорректная грань не была добавлена в оболочку.
#225 Предупреждение: Некорректная грань не была добавлена в оболочку.
#229 Предупреждение: Некорректная грань не была добавлена в оболочку.
#0 Предупреждение: Некорректная грань не была добавлена в оболочку.
#1 Предупреждение: Некорректная грань не была добавлена в оболочку.
#2 Предупреждение: Некорректная грань не была добавлена в оболочку.
#3 Предупреждение: Некорректная грань не была добавлена в оболочку.
#4 Предупреждение: Некорректная грань не была добавлена в оболочку.
#5 Предупреждение: Некорректная грань не была добавлена в оболочку.
#12 Предупреждение: Некорректная грань не была добавлена в оболочку.
#14 Предупреждение: Некорректная грань не была добавлена в оболочку.
#15 Предупреждение: Некорректная грань не была добавлена в оболочку.
#41 Предупреждение: Некорректная грань не была добавлена в оболочку.
#225 Предупреждение: Некорректная грань не была добавлена в оболочку.
#229 Предупреждение: Некорректная грань не была добавлена в оболочку.
#0 Предупреждение: Некорректная грань не была добавлена в оболочку.
#1 Предупреждение: Некорректная грань не была добавлена в оболочку.
#2 Предупреждение: Некорректная грань не была добавлена в оболочку.
#3 Предупреждение: Некорректная грань не была добавлена в оболочку.
#4 Предупреждение: Некорректная грань не была добавлена в оболочку.
#5 Предупреждение: Некорректная грань не была добавлена в оболочку.
#12 Предупреждение: Некорректная грань не была добавлена в оболочку.
#14 Предупреждение: Некорректная грань не была добавлена в оболочку.
#15 Предупреждение: Некорректная грань не была добавлена в оболочку.
#41 Предупреждение: Некорректная грань не была добавлена в оболочку.
#225 Предупреждение: Некорректная грань не была добавлена в оболочку.
#229 Предупреждение: Некорректная грань не была добавлена в оболочку.
#0 Предупреждение: Некорректная грань не была добавлена в оболочку.
#1 Предупреждение: Некорректная грань не была добавлена в оболочку.
#2 Предупреждение: Некорректная грань не была добавлена в оболочку.
#3 Предупреждение: Некорректная грань не была добавлена в оболочку.
#4 Предупреждение: Некорректная грань не была добавлена в оболочку.
#5 Предупреждение: Некорректная грань не была добавлена в оболочку.
#12 Предупреждение: Некорректная грань не была добавлена в оболочку.
#14 Предупреждение: Некорректная грань не была добавлена в оболочку.
#15 Предупреждение: Некорректная грань не была добавлена в оболочку.
#41 Предупреждение: Некорректная грань не была добавлена в оболочку.
#225 Предупреждение: Некорректная грань не была добавлена в оболочку.
#229 Предупреждение: Некорректная грань не была добавлена в оболочку.
#0 Предупреждение: Некорректная грань не была добавлена в оболочку.
#1 Предупреждение: Некорректная грань не была добавлена в оболочку.
#2 Предупреждение: Некорректная грань не была добавлена в оболочку.
#3 Предупреждение: Некорректная грань не была добавлена в оболочку.
#4 Предупреждение: Некорректная грань не была добавлена в оболочку.
#5 Предупреждение: Некорректная грань не была добавлена в оболочку.
#12 Предупреждение: Некорректная грань не была добавлена в оболочку.
#14 Предупреждение: Некорректная грань не была добавлена в оболочку.
#15 Предупреждение: Некорректная грань не была добавлена в оболочку.
#41 Предупреждение: Некорректная грань не была добавлена в оболочку.
#225 Предупреждение: Некорректная грань не была добавлена в оболочку.
#229 Предупреждение: Некорректная грань не была добавлена в оболочку.
#0 Предупреждение: Некорректная грань не была добавлена в оболочку.
#1 Предупреждение: Некорректная грань не была добавлена в оболочку.
#2 Предупреждение: Некорректная грань не была добавлена в оболочку.
#3 Предупреждение: Некорректная грань не была добавлена в оболочку.
#4 Предупреждение: Некорректная грань не была добавлена в оболочку.
#5 Предупреждение: Некорректная грань не была добавлена в оболочку.
#12 Предупреждение: Некорректная грань не была добавлена в оболочку.
#14 Предупреждение: Некорректная грань не была добавлена в оболочку.
#15 Предупреждение: Некорректная грань не была добавлена в оболочку.
#41 Предупреждение: Некорректная грань не была добавлена в оболочку.
#225 Предупреждение: Некорректная грань не была добавлена в оболочку.
#229 Предупреждение: Некорректная грань не была добавлена в оболочку.
#0 Предупреждение: Некорректная грань не была добавлена в оболочку.
#1 Предупреждение: Некорректная грань не была добавлена в оболочку.
#2 Предупреждение: Некорректная грань не была добавлена в оболочку.
#3 Предупреждение: Некорректная грань не была добавлена в оболочку.
#4 Предупреждение: Некорректная грань не была добавлена в оболочку.
#5 Предупреждение: Некорректная грань не была добавлена в оболочку.
#12 Предупреждение: Некорректная грань не была добавлена в оболочку.
#14 Предупреждение: Некорректная грань не была добавлена в оболочку.
#15 Предупреждение: Некорректная грань не была добавлена в оболочку.
#41 Предупреждение: Некорректная грань не была добавлена в оболочку.
#225 Предупреждение: Некорректная грань не была добавлена в оболочку.
#229 Предупреждение: Некорректная грань не была добавлена в оболочку.
#0 Предупреждение: Некорректная грань не была добавлена в оболочку.
#1 Предупреждение: Некорректная грань не была добавлена в оболочку.
#2 Предупреждение: Некорректная грань не была добавлена в оболочку.
#3 Предупреждение: Некорректная грань не была добавлена в оболочку.
#4 Предупреждение: Некорректная грань не была добавлена в оболочку.
#5 Предупреждение: Некорректная грань не была добавлена в оболочку.
#12 Предупреждение: Некорректная грань не была добавлена в оболочку.
#14 Предупреждение: Некорректная грань не была добавлена в оболочку.
#15 Предупреждение: Некорректная грань не была добавлена в оболочку.
#41 Предупреждение: Некорректная грань не была добавлена в оболочку.
#225 Предупреждение: Некорректная грань не была добавлена в оболочку.
#229 Предупреждение: Некорректная грань не была добавлена в оболочку.
#0 Предупреждение: Некорректная грань не была добавлена в оболочку.
#1 Предупреждение: Некорректная грань не была добавлена в оболочку.
#2 Предупреждение: Некорректная грань не была добавлена в оболочку.
#3 Предупреждение: Некорректная грань не была добавлена в оболочку.
#4 Предупреждение: Некорректная грань не была добавлена в оболочку.
#5 Предупреждение: Некорректная грань не была добавлена в оболочку.
#12 Предупреждение: Некорректная грань не была добавлена в оболочку.
#14 Предупреждение: Некорректная грань не была добавлена в оболочку.
#15 Предупреждение: Некорректная грань не была добавлена в оболочку.
#41 Предупреждение: Некорректная грань не была добавлена в оболочку.
#225 Предупреждение: Некорректная грань не была добавлена в оболочку.
#229 Предупреждение: Некорректная грань не была добавлена в оболочку.
#0 Предупреждение: Некорректная грань не была добавлена в оболочку.
#1 Предупреждение: Некорректная грань не была добавлена в оболочку.
#2 Предупреждение: Некорректная грань не была добавлена в оболочку.
#3 Предупреждение: Некорректная грань не была добавлена в оболочку.
#4 Предупреждение: Некорректная грань не была добавлена в оболочку.
#5 Предупреждение: Некорректная грань не была добавлена в оболочку.
#12 Предупреждение: Некорректная грань не была добавлена в оболочку.
#14 Предупреждение: Некорректная грань не была добавлена в оболочку.
#15 Предупреждение: Некорректная грань не была добавлена в оболочку.
#41 Предупреждение: Некорректная грань не была добавлена в оболочку.
#225 Предупреждение: Некорректная грань не была добавлена в оболочку.
#229 Предупреждение: Некорректная грань не была добавлена в оболочку.
#0 Предупреждение: Некорректная грань не была добавлена в оболочку.
#1 Предупреждение: Некорректная грань не была добавлена в оболочку.
#2 Предупреждение: Некорректная грань не была добавлена в оболочку.
#3 Предупреждение: Некорректная грань не была добавлена в оболочку.
#4 Предупреждение: Некорректная грань не была добавлена в оболочку.
#5 Предупреждение: Некорректная грань не была добавлена в оболочку.
#12 Предупреждение: Некорректная грань не была добавлена в оболочку.
#14 Предупреждение: Некорректная грань не была добавлена в оболочку.
#15 Предупреждение: Некорректная грань не была добавлена в оболочку.
#41 Предупреждение: Некорректная грань не была добавлена в оболочку.
#225 Предупреждение: Некорректная грань не была добавлена в оболочку.
#229 Предупреждение: Некорректная грань не была добавлена в оболочку.
#0 Предупреждение: Некорректная грань не была добавлена в оболочку.
#1 Предупреждение: Некорректная грань не была добавлена в оболочку.
#2 Предупреждение: Некорректная грань не была добавлена в оболочку.
#3 Предупреждение: Некорректная грань не была добавлена в оболочку.
#4 Предупреждение: Некорректная грань не была добавлена в оболочку.
#5 Предупреждение: Некорректная грань не была добавлена в оболочку.
#12 Предупреждение: Некорректная грань не была добавлена в оболочку.
#14 Предупреждение: Некорректная грань не была добавлена в оболочку.
#15 Предупреждение: Некорректная грань не была добавлена в оболочку.
#41 Предупреждение: Некорректная грань не была добавлена в оболочку.
#225 Предупреждение: Некорректная грань не была добавлена в оболочку.
#229 Предупреждение: Некорректная грань не была добавлена в оболочку.
#0 Предупреждение: Некорректная грань не была добавлена в оболочку.
#1 Предупреждение: Некорректная грань не была добавлена в оболочку.
#2 Предупреждение: Некорректная грань не была добавлена в оболочку.
#3 Предупреждение: Некорректная грань не была добавлена в оболочку.
#4 Предупреждение: Некорректная грань не была добавлена в оболочку.
#5 Предупреждение: Некорректная грань не была добавлена в оболочку.
#12 Предупреждение: Некорректная грань не была добавлена в оболочку.
#14 Предупреждение: Некорректная грань не была добавлена в оболочку.
#15 Предупреждение: Некорректная грань не была добавлена в оболочку.
#41 Предупреждение: Некорректная грань не была добавлена в оболочку.
#225 Предупреждение: Некорректная грань не была добавлена в оболочку.
#229 Предупреждение: Некорректная грань не была добавлена в оболочку.
#0 Предупреждение: Некорректная грань не была добавлена в оболочку.
#1 Предупреждение: Некорректная грань не была добавлена в оболочку.
#2 Предупреждение: Некорректная грань не была добавлена в оболочку.
#3 Предупреждение: Некорректная грань не была добавлена в оболочку.
#4 Предупреждение: Некорректная грань не была добавлена в оболочку.
#5 Предупреждение: Некорректная грань не была добавлена в оболочку.
#12 Предупреждение: Некорректная грань не была добавлена в оболочку.
#14 Предупреждение: Некорректная грань не была добавлена в оболочку.
#15 Предупреждение: Некорректная грань не была добавлена в оболочку.
#41 Предупреждение: Некорректная грань не была добавлена в оболочку.
#225 Предупреждение: Некорректная грань не была добавлена в оболочку.
#229 Предупреждение: Некорректная грань не была добавлена в оболочку.
#0 Предупреждение: Некорректная грань не была добавлена в оболочку.
#1 Предупреждение: Некорректная грань не была добавлена в оболочку.
#2 Предупреждение: Некорректная грань не была добавлена в оболочку.
#3 Предупреждение: Некорректная грань не была добавлена в оболочку.
#4 Предупреждение: Некорректная грань не была добавлена в оболочку.
#5 Предупреждение: Некорректная грань не была добавлена в оболочку.
#12 Предупреждение: Некорректная грань не была добавлена в оболочку.
#14 Предупреждение: Некорректная грань не была добавлена в оболочку.
#15 Предупреждение: Некорректная грань не была добавлена в оболочку.
#41 Предупреждение: Некорректная грань не была добавлена в оболочку.
#225 Предупреждение: Некорректная грань не была добавлена в оболочку.
#229 Предупреждение: Некорректная грань не была добавлена в оболочку.
#0 Предупреждение: Некорректная грань не была добавлена в оболочку.
#1 Предупреждение: Некорректная грань не была добавлена в оболочку.
#2 Предупреждение: Некорректная грань не была добавлена в оболочку.
#3 Предупреждение: Некорректная грань не была добавлена в оболочку.
#4 Предупреждение: Некорректная грань не была добавлена в оболочку.
#5 Предупреждение: Некорректная грань не была добавлена в оболочку.
#12 Предупреждение: Некорректная грань не была добавлена в оболочку.
#14 Предупреждение: Некорректная грань не была добавлена в оболочку.
#15 Предупреждение: Некорректная грань не была добавлена в оболочку.
#41 Предупреждение: Некорректная грань не была добавлена в оболочку.
#225 Предупреждение: Некорректная грань не была добавлена в оболочку.
#229 Предупреждение: Некорректная грань не была добавлена в оболочку.
#0 Предупреждение: Некорректная грань не была добавлена в оболочку.
#1 Предупреждение: Некорректная грань не была добавлена в оболочку.
#2 Предупреждение: Некорректная грань не была добавлена в оболочку.
#3 Предупреждение: Некорректная грань не была добавлена в оболочку.
#4 Предупреждение: Некорректная грань не была добавлена в оболочку.
#5 Предупреждение: Некорректная грань не была добавлена в оболочку.
#12 Предупреждение: Некорректная грань не была добавлена в оболочку.
#14 Предупреждение: Некорректная грань не была добавлена в оболочку.
#15 Предупреждение: Некорректная грань не была добавлена в оболочку.
#41 Предупреждение: Некорректная грань не была добавлена в оболочку.
#225 Предупреждение: Некорректная грань не была добавлена в оболочку.
#229 Предупреждение: Некорректная грань не была добавлена в оболочку.
#0 Предупреждение: Некорректная грань не была добавлена в оболочку.
#1 Предупреждение: Некорректная грань не была добавлена в оболочку.
#2 Предупреждение: Некорректная грань не была добавлена в оболочку.
#3 Предупреждение: Некорректная грань не была добавлена в оболочку.
#4 Предупреждение: Некорректная грань не была добавлена в оболочку.
#5 Предупреждение: Некорректная грань не была добавлена в оболочку.
#12 Предупреждение: Некорректная грань не была добавлена в оболочку.
#14 Предупреждение: Некорректная грань не была добавлена в оболочку.
#15 Предупреждение: Некорректная грань не была добавлена в оболочку.
#41 Предупреждение: Некорректная грань не была добавлена в оболочку.
#225 Предупреждение: Некорректная грань не была добавлена в оболочку.
#229 Предупреждение: Некорректная грань не была добавлена в оболочку.
#0 Предупреждение: Некорректная грань не была добавлена в оболочку.
#1 Предупреждение: Некорректная грань не была добавлена в оболочку.
#2 Предупреждение: Некорректная грань не была добавлена в оболочку.
#3 Предупреждение: Некорректная грань не была добавлена в оболочку.
#4 Предупреждение: Некорректная грань не была добавлена в оболочку.
#5 Предупреждение: Некорректная грань не была добавлена в оболочку.
#12 Предупреждение: Некорректная грань не была добавлена в оболочку.
#14 Предупреждение: Некорректная грань не была добавлена в оболочку.
#15 Предупреждение: Некорректная грань не была добавлена в оболочку.
#41 Предупреждение: Некорректная грань не была добавлена в оболочку.
#225 Предупреждение: Некорректная грань не была добавлена в оболочку.
#229 Предупреждение: Некорректная грань не была добавлена в оболочку.
#0 Предупреждение: Некорректная грань не была добавлена в оболочку.
#1 Предупреждение: Некорректная грань не была добавлена в оболочку.
#2 Предупреждение: Некорректная грань не была добавлена в оболочку.
#3 Предупреждение: Некорректная грань не была добавлена в оболочку.
#4 Предупреждение: Некорректная грань не была добавлена в оболочку.
#5 Предупреждение: Некорректная грань не была добавлена в оболочку.
#12 Предупреждение: Некорректная грань не была добавлена в оболочку.
#14 Предупреждение: Некорректная грань не была добавлена в оболочку.
#15 Предупреждение: Некорректная грань не была добавлена в оболочку.
#41 Предупреждение: Некорректная грань не была добавлена в оболочку.
#225 Предупреждение: Некорректная грань не была добавлена в оболочку.
#229 Предупреждение: Некорректная грань не была добавлена в оболочку.
#0 Предупреждение: Некорректная грань не была добавлена в оболочку.
#1 Предупреждение: Некорректная грань не была добавлена в оболочку.
#2 Предупреждение: Некорректная грань не была добавлена в оболочку.
#3 Предупреждение: Некорректная грань не была добавлена в оболочку.
#4 Предупреждение: Некорректная грань не была добавлена в оболочку.
#5 Предупреждение: Некорректная грань не была добавлена в оболочку.
#12 Предупреждение: Некорректная грань не была добавлена в оболочку.
#14 Предупреждение: Некорректная грань не была добавлена в оболочку.
#15 Предупреждение: Некорректная грань не была добавлена в оболочку.
#41 Предупреждение: Некорректная грань не была добавлена в оболочку.
#225 Предупреждение: Некорректная грань не была добавлена в оболочку.
#229 Предупреждение: Некорректная грань не была добавлена в оболочку.
#0 Предупреждение: Некорректная грань не была добавлена в оболочку.
#1 Предупреждение: Некорректная грань не была добавлена в оболочку.
#2 Предупреждение: Некорректная грань не была добавлена в оболочку.
#3 Предупреждение: Некорректная грань не была добавлена в оболочку.
#4 Предупреждение: Некорректная грань не была добавлена в оболочку.
#5 Предупреждение: Некорректная грань не была добавлена в оболочку.
#12 Предупреждение: Некорректная грань не была добавлена в оболочку.
#14 Предупреждение: Некорректная грань не была добавлена в оболочку.
#15 Предупреждение: Некорректная грань не была добавлена в оболочку.
#41 Предупреждение: Некорректная грань не была добавлена в оболочку.
#225 Предупреждение: Некорректная грань не была добавлена в оболочку.
#229 Предупреждение: Некорректная грань не была добавлена в оболочку.
#0 Предупреждение: Некорректная грань не была добавлена в оболочку.
#1 Предупреждение: Некорректная грань не была добавлена в оболочку.
#2 Предупреждение: Некорректная грань не была добавлена в оболочку.
#3 Предупреждение: Некорректная грань не была добавлена в оболочку.
#4 Предупреждение: Некорректная грань не была добавлена в оболочку.
#5 Предупреждение: Некорректная грань не была добавлена в оболочку.
#12 Предупреждение: Некорректная грань не была добавлена в оболочку.
#14 Предупреждение: Некорректная грань не была добавлена в оболочку.
#15 Предупреждение: Некорректная грань не была добавлена в оболочку.
#41 Предупреждение: Некорректная грань не была добавлена в оболочку.
#225 Предупреждение: Некорректная грань не была добавлена в оболочку.
#229 Предупреждение: Некорректная грань не была добавлена в оболочку.
#0 Предупреждение: Некорректная грань не была добавлена в оболочку.
#1 Предупреждение: Некорректная грань не была добавлена в оболочку.
#2 Предупреждение: Некорректная грань не была добавлена в оболочку.
#3 Предупреждение: Некорректная грань не была добавлена в оболочку.
#4 Предупреждение: Некорректная грань не была добавлена в оболочку.
#5 Предупреждение: Некорректная грань не была добавлена в оболочку.
#12 Предупреждение: Некорректная грань не была добавлена в оболочку.
#14 Предупреждение: Некорректная грань не была добавлена в оболочку.
#15 Предупреждение: Некорректная грань не была добавлена в оболочку.
#41 Предупреждение: Некорректная грань не была добавлена в оболочку.
#225 Предупреждение: Некорректная грань не была добавлена в оболочку.
#229 Предупреждение: Некорректная грань не была добавлена в оболочку.
#0 Предупреждение: Некорректная грань не была добавлена в оболочку.
#1 Предупреждение: Некорректная грань не была добавлена в оболочку.
#2 Предупреждение: Некорректная грань не была добавлена в оболочку.
#3 Предупреждение: Некорректная грань не была добавлена в оболочку.
#4 Предупреждение: Некорректная грань не была добавлена в оболочку.
#5 Предупреждение: Некорректная грань не была добавлена в оболочку.
#12 Предупреждение: Некорректная грань не была добавлена в оболочку.
#14 Предупреждение: Некорректная грань не была добавлена в оболочку.
#15 Предупреждение: Некорректная грань не была добавлена в оболочку.
#41 Предупреждение: Некорректная грань не была добавлена в оболочку.
#225 Предупреждение: Некорректная грань не была добавлена в оболочку.
#229 Предупреждение: Некорректная грань не была добавлена в оболочку.
#0 Предупреждение: Некорректная грань не была добавлена в оболочку.
#1 Предупреждение: Некорректная грань не была добавлена в оболочку.
#2 Предупреждение: Некорректная грань не была добавлена в оболочку.
#3 Предупреждение: Некорректная грань не была добавлена в оболочку.
#4 Предупреждение: Некорректная грань не была добавлена в оболочку.
#5 Предупреждение: Некорректная грань не была добавлена в оболочку.
#12 Предупреждение: Некорректная грань не была добавлена в оболочку.
#14 Предупреждение: Некорректная грань не была добавлена в оболочку.
#15 Предупреждение: Некорректная грань не была добавлена в оболочку.
#41 Предупреждение: Некорректная грань не была добавлена в оболочку.
#225 Предупреждение: Некорректная грань не была добавлена в оболочку.
#229 Предупреждение: Некорректная грань не была добавлена в оболочку.
